<?xml version="1.0" encoding="UTF-8"?>
<testsuite name="com.hardgforgif.dragonboatracing.tests.BoatTest" tests="2" skipped="0" failures="0" errors="0" timestamp="2021-02-02T20:00:50" hostname="Monty" time="0.049">
  <properties/>
  <testcase name="testCreateBoatBody" classname="com.hardgforgif.dragonboatracing.tests.BoatTest" time="0.027"/>
  <testcase name="testConstructor" classname="com.hardgforgif.dragonboatracing.tests.BoatTest" time="0.005"/>
  <system-out><![CDATA[100.0, 120.0
100.0, 120.0
]]></system-out>
  <system-err><![CDATA[]]></system-err>
</testsuite>
