<?xml version="1.0" encoding="UTF-8"?>
<testsuite name="com.hardgforgif.dragonboatracing.tests.BoatTest" tests="7" skipped="0" failures="0" errors="0" timestamp="2021-02-06T13:59:22" hostname="Monty" time="0.101">
  <properties/>
  <testcase name="testGetLimitsAt" classname="com.hardgforgif.dragonboatracing.tests.BoatTest" time="0.008"/>
  <testcase name="testMoveBoatSpeedUp" classname="com.hardgforgif.dragonboatracing.tests.BoatTest" time="0.007"/>
  <testcase name="testRotateBoat" classname="com.hardgforgif.dragonboatracing.tests.BoatTest" time="0.005"/>
  <testcase name="testBoatConstructor" classname="com.hardgforgif.dragonboatracing.tests.BoatTest" time="0.007"/>
  <testcase name="testMoveBoatSpeedDown" classname="com.hardgforgif.dragonboatracing.tests.BoatTest" time="0.005"/>
  <testcase name="testCreateBoatBody" classname="com.hardgforgif.dragonboatracing.tests.BoatTest" time="0.006"/>
  <testcase name="testHasFinished" classname="com.hardgforgif.dragonboatracing.tests.BoatTest" time="0.006"/>
  <system-out><![CDATA[]]></system-out>
  <system-err><![CDATA[]]></system-err>
</testsuite>
