<?xml version="1.0" encoding="UTF-8"?>
<testsuite name="com.hardgforgif.dragonboatracing.tests.BoatTest" tests="1" skipped="0" failures="0" errors="0" timestamp="2021-01-31T21:33:41" hostname="Monty" time="0.004">
  <properties/>
  <testcase name="testConstructor" classname="com.hardgforgif.dragonboatracing.tests.BoatTest" time="0.004"/>
  <system-out><![CDATA[]]></system-out>
  <system-err><![CDATA[]]></system-err>
</testsuite>
